<?xml version="1.0" encoding="UTF-8"?>
<!-- Generated by org.testng.reporters.JUnitXMLReporter -->
<testsuite hostname="DESKTOP-BA319U8" failures="0" tests="6" name="Default test" time="136.071" errors="0" timestamp="28 Apr 2019 07:44:42 GMT">
  <testcase classname="com.qa.mmt.testcases.MmtTest" name="searchTest" time="4.772"/>
  <testcase classname="com.qa.mmt.testcases.MmtTest" name="countFlightsTest" time="17.953"/>
  <testcase classname="com.qa.mmt.testcases.MmtTest" name="countFlightsNonStopTest" time="20.949"/>
  <testcase classname="com.qa.mmt.testcases.MmtTest" name="countFlightsOneStopTest" time="24.149"/>
  <testcase classname="com.qa.mmt.testcases.MmtTest" name="verifyPriceTest" time="12.478"/>
  <testcase classname="com.qa.mmt.testcases.MmtTest" name="checkSumWithTotalTest" time="11.103"/>
</testsuite> <!-- Default test -->
