<?xml version="1.0" encoding="UTF-8"?>
<!-- Generated by org.testng.reporters.JUnitXMLReporter -->
<testsuite hostname="DESKTOP-BA319U8" failures="0" tests="6" name="MakeMyTrip Application Test" time="130.172" errors="0" timestamp="6 May 2019 13:21:26 GMT">
  <testcase classname="com.qa.mmt.testcases.MmtTest" name="searchTest" time="5.753"/>
  <testcase classname="com.qa.mmt.testcases.MmtTest" name="countFlightsTest" time="18.322"/>
  <testcase classname="com.qa.mmt.testcases.MmtTest" name="countFlightsNonStopTest" time="20.728"/>
  <testcase classname="com.qa.mmt.testcases.MmtTest" name="countFlightsOneStopTest" time="22.256"/>
  <testcase classname="com.qa.mmt.testcases.MmtTest" name="verifyPriceTest" time="10.063"/>
  <testcase classname="com.qa.mmt.testcases.MmtTest" name="checkSumWithTotalTest" time="8.778"/>
</testsuite> <!-- MakeMyTrip Application Test -->
