<?xml version="1.0" encoding="UTF-8"?>
<!-- Generated by org.testng.reporters.JUnitXMLReporter -->
<testsuite hostname="DESKTOP-BA319U8" failures="0" tests="6" name="MakeMyTrip Application Test" time="350.813" errors="0" timestamp="2 May 2019 12:58:40 GMT">
  <testcase classname="com.qa.mmt.testcases.MmtTest" name="searchTest" time="207.478"/>
  <testcase classname="com.qa.mmt.testcases.MmtTest" name="countFlightsTest" time="33.009"/>
  <testcase classname="com.qa.mmt.testcases.MmtTest" name="countFlightsNonStopTest" time="21.778"/>
  <testcase classname="com.qa.mmt.testcases.MmtTest" name="countFlightsOneStopTest" time="23.097"/>
  <testcase classname="com.qa.mmt.testcases.MmtTest" name="verifyPriceTest" time="11.629"/>
  <testcase classname="com.qa.mmt.testcases.MmtTest" name="checkSumWithTotalTest" time="10.094"/>
</testsuite> <!-- MakeMyTrip Application Test -->
