<?xml version="1.0" encoding="UTF-8"?>
<testng-results total="1" passed="1" failed="0" skipped="0">
  <reporter-output>
  </reporter-output>
  <suite started-at="2019-04-28T06:57:20Z" name="Free CRM Application Automation Suite" finished-at="2019-04-28T06:58:09Z" duration-ms="49045">
    <groups>
    </groups>
    <test started-at="2019-04-28T06:57:20Z" name="Free CRM Application Test" finished-at="2019-04-28T06:58:09Z" duration-ms="49045">
      <class name="com.qa.mmt.testcases.MmtTest">
        <test-method is-config="true" signature="extentSetUp()[pri:0, instance:com.qa.mmt.testcases.MmtTest@24313fcc]" started-at="2019-04-28T16:57:20Z" name="extentSetUp" finished-at="2019-04-28T16:57:20Z" duration-ms="215" status="PASS">
          <reporter-output>
          </reporter-output>
        </test-method> <!-- extentSetUp -->
        <test-method is-config="true" signature="setup()[pri:0, instance:com.qa.mmt.testcases.MmtTest@24313fcc]" started-at="2019-04-28T16:57:20Z" name="setup" finished-at="2019-04-28T16:57:27Z" duration-ms="6681" status="PASS">
          <reporter-output>
          </reporter-output>
        </test-method> <!-- setup -->
        <test-method signature="searchTest()[pri:0, instance:com.qa.mmt.testcases.MmtTest@24313fcc]" started-at="2019-04-28T16:57:27Z" name="searchTest" finished-at="2019-04-28T16:58:07Z" duration-ms="40945" status="PASS">
          <reporter-output>
          </reporter-output>
        </test-method> <!-- searchTest -->
        <test-method is-config="true" signature="teardown(org.testng.ITestResult)[pri:0, instance:com.qa.mmt.testcases.MmtTest@24313fcc]" started-at="2019-04-28T16:58:07Z" name="teardown" finished-at="2019-04-28T16:58:08Z" duration-ms="750" status="PASS">
          <params>
            <param index="0">
              <value>
                <![CDATA[[TestResult name=searchTest status=SUCCESS method=MmtTest.searchTest()[pri:0, instance:com.qa.mmt.testcases.MmtTest@24313fcc] output={null}]]]>
              </value>
            </param>
          </params>
          <reporter-output>
          </reporter-output>
        </test-method> <!-- teardown -->
        <test-method is-config="true" signature="endExtent()[pri:0, instance:com.qa.mmt.testcases.MmtTest@24313fcc]" started-at="2019-04-28T16:58:08Z" name="endExtent" finished-at="2019-04-28T16:58:09Z" duration-ms="436" status="PASS">
          <reporter-output>
          </reporter-output>
        </test-method> <!-- endExtent -->
      </class> <!-- com.qa.mmt.testcases.MmtTest -->
    </test> <!-- Free CRM Application Test -->
  </suite> <!-- Free CRM Application Automation Suite -->
</testng-results>
